<?xml version="1.0" encoding="UTF-8" standalone="no"?><testsuites><testsuite errors="0" failures="0" hostname="emulator-5554_GoogleAPI2.2_unknown_sdk" name="com.example.demo.test" tests="0" time="0.0000" timestamp="Tue Oct 22 11:58:16 GMT+07:00 2013"><properties><property name="java.runtime.name" value="Java(TM) SE Runtime Environment"/><property name="sun.boot.library.path" value="/System/Library/Java/JavaVirtualMachines/1.6.0.jdk/Contents/Libraries"/><property name="java.vm.version" value="20.45-b01-451"/><property name="awt.nativeDoubleBuffering" value="true"/><property name="gopherProxySet" value="false"/><property name="mrj.build" value="11M4406"/><property name="java.vm.vendor" value="Apple Inc."/><property name="java.vendor.url" value="http://www.apple.com/"/><property name="guice.disable.misplaced.annotation.check" value="true"/><property name="path.separator" value=":"/><property name="java.vm.name" value="Java HotSpot(TM) 64-Bit Server VM"/><property name="file.encoding.pkg" value="sun.io"/><property name="sun.java.launcher" value="SUN_STANDARD"/><property name="user.country" value="US"/><property name="sun.os.patch.level" value="unknown"/><property name="java.vm.specification.name" value="Java Virtual Machine Specification"/><property name="user.dir" value="/Users/ThanhNguyen/Desktop/FOWDemo/MainDemo"/><property name="java.runtime.version" value="1.6.0_45-b06-451-11M4406"/><property name="java.awt.graphicsenv" value="apple.awt.CGraphicsEnvironment"/><property name="java.endorsed.dirs" value="/System/Library/Java/JavaVirtualMachines/1.6.0.jdk/Contents/Home/lib/endorsed"/><property name="os.arch" value="x86_64"/><property name="java.io.tmpdir" value="/var/folders/s5/8ng14vyx46n_xkjrt5_wz2dw0000gq/T/"/><property name="line.separator" value="&#10;"/><property name="java.vm.specification.vendor" value="Sun Microsystems Inc."/><property name="os.name" value="Mac OS X"/><property name="classworlds.conf" value="/usr/share/maven/bin/m2.conf"/><property name="sun.jnu.encoding" value="MacRoman"/><property name="java.library.path" value=".:/Library/Java/Extensions:/System/Library/Java/Extensions:/usr/lib/java"/><property name="java.specification.name" value="Java Platform API Specification"/><property name="java.class.version" value="50.0"/><property name="sun.management.compiler" value="HotSpot 64-Bit Tiered Compilers"/><property name="os.version" value="10.7.5"/><property name="http.nonProxyHosts" value="local|*.local|169.254/16|*.169.254/16"/><property name="user.home" value="/Users/ThanhNguyen"/><property name="user.timezone" value="GMT+07:00"/><property name="java.awt.printerjob" value="apple.awt.CPrinterJob"/><property name="file.encoding" value="MacRoman"/><property name="java.specification.version" value="1.6"/><property name="java.class.path" value="/usr/share/maven/boot/plexus-classworlds-2.4.jar"/><property name="user.name" value="ThanhNguyen"/><property name="java.vm.specification.version" value="1.0"/><property name="sun.java.command" value="org.codehaus.plexus.classworlds.launcher.Launcher clean install"/><property name="java.home" value="/System/Library/Java/JavaVirtualMachines/1.6.0.jdk/Contents/Home"/><property name="sun.arch.data.model" value="64"/><property name="user.language" value="en"/><property name="java.specification.vendor" value="Sun Microsystems Inc."/><property name="awt.toolkit" value="apple.awt.CToolkit"/><property name="java.vm.info" value="mixed mode"/><property name="java.version" value="1.6.0_45"/><property name="java.ext.dirs" value="/Library/Java/Extensions:/System/Library/Java/Extensions:/System/Library/Java/JavaVirtualMachines/1.6.0.jdk/Contents/Home/lib/ext"/><property name="sun.boot.class.path" value="/System/Library/Java/JavaVirtualMachines/1.6.0.jdk/Contents/Classes/jsfd.jar:/System/Library/Java/JavaVirtualMachines/1.6.0.jdk/Contents/Classes/classes.jar:/System/Library/Frameworks/JavaVM.framework/Frameworks/JavaRuntimeSupport.framework/Resources/Java/JavaRuntimeSupport.jar:/System/Library/Java/JavaVirtualMachines/1.6.0.jdk/Contents/Classes/ui.jar:/System/Library/Java/JavaVirtualMachines/1.6.0.jdk/Contents/Classes/laf.jar:/System/Library/Java/JavaVirtualMachines/1.6.0.jdk/Contents/Classes/sunrsasign.jar:/System/Library/Java/JavaVirtualMachines/1.6.0.jdk/Contents/Classes/jsse.jar:/System/Library/Java/JavaVirtualMachines/1.6.0.jdk/Contents/Classes/jce.jar:/System/Library/Java/JavaVirtualMachines/1.6.0.jdk/Contents/Classes/charsets.jar"/><property name="java.vendor" value="Apple Inc."/><property name="maven.home" value="/usr/share/maven"/><property name="file.separator" value="/"/><property name="java.vendor.url.bug" value="http://bugreport.apple.com/"/><property name="sun.io.unicode.encoding" value="UnicodeLittle"/><property name="sun.cpu.endian" value="little"/><property name="mrj.version" value="1070.1.6.0_45-451"/><property name="socksNonProxyHosts" value="local|*.local|169.254/16|*.169.254/16"/><property name="ftp.nonProxyHosts" value="local|*.local|169.254/16|*.169.254/16"/><property name="sun.cpu.isalist" value=""/><property name="ro.product.manufacturer" value="unknown"/><property name="gsm.sim.operator.alpha" value="Android"/><property name="ro.kernel.ndns" value="1"/><property name="ro.debuggable" value="1"/><property name="init.svc.debuggerd" value="running"/><property name="gsm.operator.iso-country" value="us"/><property name="ro.product.model" value="sdk"/><property name="persist.sys.language" value="en"/><property name="ro.HEAVY_WEIGHT_APP_ADJ" value="3"/><property name="ro.HOME_APP_MEM" value="6144"/><property name="ro.factorytest" value="0"/><property name="ro.build.fingerprint" value="generic/sdk/generic:2.3.3/GRI34/101070:eng/test-keys"/><property name="ro.VISIBLE_APP_ADJ" value="1"/><property name="net.dnschange" value="1"/><property name="ro.build.product" value="generic"/><property name="ro.bootloader" value="unknown"/><property name="init.svc.vold" value="running"/><property name="ro.setupwizard.mode" value="OPTIONAL"/><property name="net.hostname" value="android_eaab8fc0555d506"/><property name="qemu.hw.mainkeys" value="1"/><property name="ro.build.version.sdk" value="10"/><property name="net.bt.name" value="Android"/><property name="net.eth0.dns1" value="10.0.2.3"/><property name="ro.PERCEPTIBLE_APP_ADJ" value="2"/><property name="ro.bootmode" value="unknown"/><property name="ro.baseband" value="unknown"/><property name="ro.runtime.firstboot" value="1382417768700"/><property name="ro.build.host" value="android-test-26.mtv.corp.google.com"/><property name="ro.BACKUP_APP_ADJ" value="5"/><property name="ARGH" value="ARGH"/><property name="ro.build.display.id" value="sdk-eng 2.3.3 GRI34 101070 test-keys"/><property name="ro.revision" value="0"/><property name="ro.HOME_APP_ADJ" value="6"/><property name="hw.keyboards.65536.devname" value="qwerty2"/><property name="ro.HIDDEN_APP_MEM" value="7168"/><property name="init.svc.qemud" value="running"/><property name="ro.kernel.android.qemud" value="ttyS1"/><property name="ro.product.locale.region" value=""/><property name="gsm.operator.isroaming" value="false"/><property name="persist.sys.timezone" value="Asia/Ho_Chi_Minh"/><property name="ro.VISIBLE_APP_MEM" value="3072"/><property name="gsm.operator.numeric" value="310260"/><property name="ro.EMPTY_APP_MEM" value="8192"/><property name="ro.allow.mock.location" value="1"/><property name="persist.service.adb.enable" value="1"/><property name="net.tcp.buffersize.wifi" value="4095,87380,110208,4096,16384,110208"/><property name="ro.HEAVY_WEIGHT_APP_MEM" value="4096"/><property name="ro.kernel.qemu.gles" value="0"/><property name="persist.sys.localevar" value=""/><property name="gsm.nitz.time" value="1382417762163"/><property name="ro.product.brand" value="generic"/><property name="ro.HIDDEN_APP_MIN_ADJ" value="7"/><property name="gsm.sim.operator.numeric" value="310260"/><property name="ro.config.notification_sound" value="OnTheHunt.ogg"/><property name="ro.board.platform" value=""/><property name="ro.build.date.utc" value="1296773036"/><property name="ro.com.google.locationfeatures" value="1"/><property name="ro.product.locale.language" value="ldpi"/><property name="ro.product.device" value="generic"/><property name="dev.bootcomplete" value="1"/><property name="qemu.sf.lcd_density" value="240"/><property name="gsm.sim.state" value="READY"/><property name="gsm.defaultpdpcontext.active" value="true"/><property name="init.svc.keystore" value="running"/><property name="ro.hardware" value="goldfish"/><property name="status.battery.level" value="5"/><property name="status.battery.level_scale" value="9"/><property name="init.svc.netd" value="running"/><property name="ro.kernel.console" value="ttyS0"/><property name="xmpp.auto-presence" value="true"/><property name="ro.FOREGROUND_APP_MEM" value="2048"/><property name="ro.build.id" value="GRI34"/><property name="ro.PERCEPTIBLE_APP_MEM" value="4096"/><property name="ro.radio.use-ppp" value="no"/><property name="net.tcp.buffersize.default" value="4096,87380,110208,4096,16384,110208"/><property name="net.tcp.buffersize.umts" value="4094,87380,110208,4096,16384,110208"/><property name="net.gprs.local-ip" value="10.0.2.15"/><property name="net.gprs.http-proxy" value=""/><property name="rild.libpath" value="/system/lib/libreference-ril.so"/><property name="sys.boot_completed" value="1"/><property name="ro.product.name" value="sdk"/><property name="net.change" value="net.dnschange"/><property name="ro.config.alarm_alert" value="Alarm_Classic.ogg"/><property name="ro.build.tags" value="test-keys"/><property name="status.battery.level_raw" value="50"/><property name="init.svc.goldfish-logcat" value="stopped"/><property name="gsm.version.ril-impl" value="android reference-ril 1.0"/><property name="ro.product.board" value=""/><property name="ro.build.description" value="sdk-eng 2.3.3 GRI34 101070 test-keys"/><property name="ro.SECONDARY_SERVER_MEM" value="6144"/><property name="init.svc.media" value="running"/><property name="ro.SECONDARY_SERVER_ADJ" value="4"/><property name="ro.build.version.codename" value="REL"/><property name="ro.config.nocheckin" value="yes"/><property name="rild.libargs" value="-d /dev/ttyS0"/><property name="ro.product.cpu.abi" value="armeabi"/><property name="ro.kernel.android.checkjni" value="1"/><property name="qemu.sf.fake_camera" value="none"/><property name="ro.qemu.init.completed" value="1"/><property name="init.svc.bootanim" value="stopped"/><property name="dalvik.vm.heapsize" value="32m"/><property name="dalvik.vm.stack-trace-file" value="/data/anr/traces.txt"/><property name="net.tcp.buffersize.edge" value="4093,26280,35040,4096,16384,35040"/><property name="ro.serialno" value=""/><property name="persist.sys.country" value="US"/><property name="net.tcp.buffersize.gprs" value="4092,8760,11680,4096,8760,11680"/><property name="ro.build.date" value="Thu Feb  3 14:43:56 PST 2011"/><property name="ro.build.version.release" value="2.3.3"/><property name="init.svc.console" value="running"/><property name="init.svc.zygote" value="running"/><property name="init.svc.servicemanager" value="running"/><property name="gsm.current.phone-type" value="1"/><property name="ro.build.user" value="android-build"/><property name="gsm.sim.operator.iso-country" value="us"/><property name="ro.FOREGROUND_APP_ADJ" value="0"/><property name="ro.EMPTY_APP_ADJ" value="15"/><property name="init.svc.installd" value="running"/><property name="ro.kernel.qemu" value="1"/><property name="ro.build.type" value="eng"/><property name="ro.secure" value="0"/><property name="ro.carrier" value="unknown"/><property name="ro.wifi.channels" value=""/><property name="ro.build.version.incremental" value="101070"/><property name="init.svc.adbd" value="running"/><property name="init.svc.goldfish-setup" value="stopped"/><property name="gsm.network.type" value="UMTS"/><property name="gsm.operator.alpha" value="Android"/><property name="ro.BACKUP_APP_MEM" value="6144"/><property name="net.dns1" value="10.0.2.3"/><property name="status.battery.state" value="Slow"/><property name="init.svc.ril-daemon" value="running"/></properties></testsuite></testsuites>